<?xml version="1.0" encoding="utf-8"?>
<coverage line-rate="0.4" branch-rate="1" version="1.9" timestamp="1649215918" lines-covered="4" lines-valid="10" branches-covered="0" branches-valid="0">
  <sources>
    <source>C:\Users\gabri\source\repos\CoberturaTestes\CoberturaTestes\</source>
  </sources>
  <packages>
    <package name="CoberturaTestes" line-rate="0.4" branch-rate="1" complexity="2">
      <classes>
        <class name="CoberturaTestes.Program" filename="Program.cs" line-rate="0" branch-rate="1" complexity="1">
          <methods>
            <method name="Main" signature="(System.String[])" line-rate="0" branch-rate="1">
              <lines>
                <line number="8" hits="0" branch="False" />
                <line number="9" hits="0" branch="False" />
                <line number="11" hits="0" branch="False" />
                <line number="13" hits="0" branch="False" />
                <line number="15" hits="0" branch="False" />
                <line number="16" hits="0" branch="False" />
              </lines>
            </method>
          </methods>
          <lines>
            <line number="8" hits="0" branch="False" />
            <line number="9" hits="0" branch="False" />
            <line number="11" hits="0" branch="False" />
            <line number="13" hits="0" branch="False" />
            <line number="15" hits="0" branch="False" />
            <line number="16" hits="0" branch="False" />
          </lines>
        </class>
        <class name="CoberturaTestes.Usuario" filename="Usuario.cs" line-rate="1" branch-rate="1" complexity="1">
          <methods>
            <method name="CriarUsuario" signature="()" line-rate="1" branch-rate="1">
              <lines>
                <line number="6" hits="1" branch="False" />
                <line number="7" hits="1" branch="False" />
                <line number="9" hits="1" branch="False" />
                <line number="10" hits="1" branch="False" />
              </lines>
            </method>
          </methods>
          <lines>
            <line number="6" hits="1" branch="False" />
            <line number="7" hits="1" branch="False" />
            <line number="9" hits="1" branch="False" />
            <line number="10" hits="1" branch="False" />
          </lines>
        </class>
      </classes>
    </package>
  </packages>
</coverage>